<?xml version="1.0" encoding="utf-8"?><testsuites><testsuite errors="0" failures="0" hostname="DESKTOP-LN94IBO" name="pytest" skipped="0" tests="4" time="19.504" timestamp="2020-07-28T10:34:31.883214"><testcase classname="test_dir.test_baidu.TestSearch" file="test_dir\test_baidu.py" line="17" name="test_baidu_search_case" time="8.489"></testcase><testcase classname="test_dir.test_baidu.TestSearchSettings" file="test_dir\test_baidu.py" line="38" name="test_baidu_search_setting" time="3.398"></testcase><testcase classname="test_dir.test_parametrize" file="test_dir\test_parametrize.py" line="47" name="test_baidu_search[1-Selenium]" time="2.558"></testcase><testcase classname="test_dir.test_parametrize" file="test_dir\test_parametrize.py" line="47" name="test_baidu_search[2-poium]" time="4.929"></testcase></testsuite></testsuites>