<?xml version="1.0" encoding="utf-8"?><testsuites><testsuite errors="0" failures="1" hostname="DESKTOP-LN94IBO" name="pytest" skipped="0" tests="4" time="58.975" timestamp="2020-07-31T23:14:43.509651"><testcase classname="test_dir.test_baidu.TestSearch" file="test_dir\test_baidu.py" line="17" name="test_baidu_search_case" time="9.422"></testcase><testcase classname="test_dir.test_baidu.TestSearchSettings" file="test_dir\test_baidu.py" line="38" name="test_baidu_search_setting" time="40.917"><failure message="AttributeError: &apos;NoneType&apos; object has no attribute &apos;click&apos;">self = &lt;test_dir.test_baidu.TestSearchSettings object at 0x00000154BF2844C8&gt;, browser = &lt;selenium.webdriver.chrome.webdriver.WebDriver (session=&quot;e6e95047df4b0887d833731de247622f&quot;)&gt;
base_url = &apos;https://www.baidu.com&apos;

    def test_baidu_search_setting(self, browser, base_url):
        &quot;&quot;&quot;
        名称：百度搜索设置
        步骤：
        1、打开百度浏览器
        2、点击设置链接
        3、在下拉框中&quot;选择搜索&quot;
        4、点击&quot;保存设置&quot;
        5、对弹出警告框保存
        检查点：
        * 检查是否弹出提示框
        &quot;&quot;&quot;
        page = BaiduPage(browser)
        page.get(base_url)
&gt;       page.settings.click()
E       AttributeError: &apos;NoneType&apos; object has no attribute &apos;click&apos;

test_dir\test_baidu.py:53: AttributeError</failure></testcase><testcase classname="test_dir.test_parametrize" file="test_dir\test_parametrize.py" line="47" name="test_baidu_search[1-Selenium]" time="2.542"></testcase><testcase classname="test_dir.test_parametrize" file="test_dir\test_parametrize.py" line="47" name="test_baidu_search[2-poium]" time="5.042"></testcase></testsuite></testsuites>